app/build/intermediates/proguard-rules/release/aapt_rules.txt
# Referenced at merged_manifests\release\AndroidManifest.xml:20
-keep class android.support.v4.app.CoreComponentFactory { <init>(); }
# Referenced at merged_manifests\release\AndroidManifest.xml:35
-keep class android.support.v4.content.FileProvider { <init>(); }
# Referenced at merged_manifests\release\AndroidManifest.xml:21
-keep class com.silvia.controlbox.MainActivity { <init>(); }
# Referenced at merged_manifests\release\AndroidManifest.xml:34
-keep class com.silvia.controlbox.utils.UsbService { <init>(); }
# Referenced at merged_manifests\release\AndroidManifest.xml:20
-keep class com.tencent.bugly.beta.tinker.TinkerPatchReflectApplication { <init>(); }
# Referenced at merged_manifests\release\AndroidManifest.xml:41
-keep class com.tencent.bugly.beta.tinker.TinkerResultService { <init>(); }
# Referenced at merged_manifests\release\AndroidManifest.xml:33
-keep class com.tencent.bugly.beta.ui.BetaActivity { <init>(); }
# Referenced at merged_manifests\release\AndroidManifest.xml:38
-keep class com.tencent.bugly.beta.utils.BuglyFileProvider { <init>(); }
# Referenced at res\layout\abc_alert_dialog_material.xml:41
-keep class android.support.v4.widget.NestedScrollView { <init>(android.content.Context, android.util.AttributeSet); }

# Referenced at res\layout\qmui_common_list_item.xml:63
-keep class android.support.v4.widget.Space { <init>(android.content.Context, android.util.AttributeSet); }

# Referenced at res\layout\abc_select_dialog_material.xml:23
-keep class android.support.v7.app.AlertController$RecycleListView { <init>(android.content.Context, android.util.AttributeSet); }

# Referenced at res\layout\abc_action_menu_item_layout.xml:17
-keep class android.support.v7.view.menu.ActionMenuItemView { <init>(android.content.Context, android.util.AttributeSet); }

# Referenced at res\layout\abc_expanded_menu_layout.xml:17
-keep class android.support.v7.view.menu.ExpandedMenuView { <init>(android.content.Context, android.util.AttributeSet); }

# Referenced at res\layout\abc_popup_menu_item_layout.xml:17
# Referenced at res\layout\abc_list_menu_item_layout.xml:17
# Referenced at res\layout\abc_cascading_menu_item_layout.xml:20
-keep class android.support.v7.view.menu.ListMenuItemView { <init>(android.content.Context, android.util.AttributeSet); }

# Referenced at res\layout\abc_screen_toolbar.xml:27
-keep class android.support.v7.widget.ActionBarContainer { <init>(android.content.Context, android.util.AttributeSet); }

# Referenced at res\layout\abc_screen_toolbar.xml:43
# Referenced at res\layout\abc_action_mode_bar.xml:19
-keep class android.support.v7.widget.ActionBarContextView { <init>(android.content.Context, android.util.AttributeSet); }

# Referenced at res\layout\abc_screen_toolbar.xml:17
-keep class android.support.v7.widget.ActionBarOverlayLayout { <init>(android.content.Context, android.util.AttributeSet); }

# Referenced at res\layout\abc_action_menu_layout.xml:17
-keep class android.support.v7.widget.ActionMenuView { <init>(android.content.Context, android.util.AttributeSet); }

# Referenced at res\layout\abc_activity_chooser_view.xml:19
-keep class android.support.v7.widget.ActivityChooserView$InnerLayout { <init>(android.content.Context, android.util.AttributeSet); }

# Referenced at res\layout\abc_alert_dialog_material.xml:18
-keep class android.support.v7.widget.AlertDialogLayout { <init>(android.content.Context, android.util.AttributeSet); }

# Referenced at res\layout\qmui_common_list_item.xml:22
# Referenced at res\layout\qmui_bottom_sheet_grid_item_subscript.xml:18
# Referenced at res\layout\qmui_bottom_sheet_grid_item.xml:30
-keep class android.support.v7.widget.AppCompatImageView { <init>(android.content.Context, android.util.AttributeSet); }

# Referenced at res\layout\abc_alert_dialog_button_bar_material.xml:26
-keep class android.support.v7.widget.ButtonBarLayout { <init>(android.content.Context, android.util.AttributeSet); }

# Referenced at res\layout\abc_screen_content_include.xml:19
-keep class android.support.v7.widget.ContentFrameLayout { <init>(android.content.Context, android.util.AttributeSet); }

# Referenced at res\layout\abc_alert_dialog_title_material.xml:45
-keep class android.support.v7.widget.DialogTitle { <init>(android.content.Context, android.util.AttributeSet); }

# Referenced at res\layout\abc_screen_simple_overlay_action_mode.xml:23
-keep class android.support.v7.widget.FitWindowsFrameLayout { <init>(android.content.Context, android.util.AttributeSet); }

# Referenced at res\layout\abc_screen_simple.xml:17
# Referenced at res\layout\abc_dialog_title_material.xml:22
-keep class android.support.v7.widget.FitWindowsLinearLayout { <init>(android.content.Context, android.util.AttributeSet); }

# Referenced at res\layout\abc_search_view.xml:75
-keep class android.support.v7.widget.SearchView$SearchAutoComplete { <init>(android.content.Context, android.util.AttributeSet); }

# Referenced at res\layout\abc_screen_toolbar.xml:36
-keep class android.support.v7.widget.Toolbar { <init>(android.content.Context, android.util.AttributeSet); }

# Referenced at res\layout\abc_screen_simple_overlay_action_mode.xml:32
# Referenced at res\layout\abc_screen_simple.xml:25
-keep class android.support.v7.widget.ViewStubCompat { <init>(android.content.Context, android.util.AttributeSet); }

# Referenced at res\layout\abc_alert_dialog_title_material.xml:56
# Referenced at res\layout\abc_alert_dialog_material.xml:52
# Referenced at res\layout\abc_alert_dialog_button_bar_material.xml:43
-keep class android.widget.Space { <init>(android.content.Context, android.util.AttributeSet); }

# Referenced at res\layout\qmui_bottom_sheet_grid.xml:71
-keep class com.qmuiteam.qmui.alpha.QMUIAlphaTextView { <init>(android.content.Context, android.util.AttributeSet); }

# Referenced at res\layout\qmui_empty_view.xml:29
-keep class com.qmuiteam.qmui.widget.QMUILoadingView { <init>(android.content.Context, android.util.AttributeSet); }

# Referenced at res\layout\activity_pcba.xml:9
-keep class com.qmuiteam.qmui.widget.QMUITabSegment { <init>(android.content.Context, android.util.AttributeSet); }

# Referenced at res\layout\activity_main.xml:10
-keep class com.qmuiteam.qmui.widget.QMUITopBar { <init>(android.content.Context, android.util.AttributeSet); }

# Referenced at res\layout\activity_pcba.xml:2
-keep class com.qmuiteam.qmui.widget.QMUIWindowInsetLayout { <init>(android.content.Context, android.util.AttributeSet); }

# Referenced at res\layout\qmui_bottom_sheet_grid_item.xml:18
-keep class com.qmuiteam.qmui.widget.dialog.QMUIBottomSheetItemView { <init>(android.content.Context, android.util.AttributeSet); }

# Referenced at res\layout\qmui_dialog_layout.xml:33
-keep class com.qmuiteam.qmui.widget.dialog.QMUIDialogView { <init>(android.content.Context, android.util.AttributeSet); }

# Referenced at res\layout\qmui_empty_view.xml:56
-keep class com.qmuiteam.qmui.widget.roundwidget.QMUIRoundButton { <init>(android.content.Context, android.util.AttributeSet); }

# Referenced at res\layout\activity_main.xml:17
-keep class com.silvia.controlbox.ui.BottomBar { <init>(android.content.Context, android.util.AttributeSet); }