app/build/outputs/mapping/release/seeds.txt
com.silvia.controlbox.MainActivity
com.silvia.controlbox.MainActivity: MainActivity()
com.silvia.controlbox.MyApplication
com.silvia.controlbox.MyApplication: android.content.Context context
com.silvia.controlbox.MyApplication: com.silvia.controlbox.MyApplication application
com.silvia.controlbox.MyApplication: float DESIGN_WIDTH
com.silvia.controlbox.MyApplication: MyApplication()
com.silvia.controlbox.MyApplication: android.content.Context getContext()
com.silvia.controlbox.MyApplication: void onCreate()
com.silvia.controlbox.MyApplication: void initBugly()
com.silvia.controlbox.MyApplication: void setUpgrade()
com.silvia.controlbox.MyApplication: void onConfigurationChanged(android.content.res.Configuration)
com.silvia.controlbox.MyApplication: void resetDensity()
com.silvia.controlbox.R$anim: int abc_fade_in
com.silvia.controlbox.R$anim: int abc_fade_out
com.silvia.controlbox.R$anim: int abc_grow_fade_in_from_bottom
com.silvia.controlbox.R$anim: int abc_popup_enter
com.silvia.controlbox.R$anim: int abc_popup_exit
com.silvia.controlbox.R$anim: int abc_shrink_fade_out_from_bottom
com.silvia.controlbox.R$anim: int abc_slide_in_bottom
com.silvia.controlbox.R$anim: int abc_slide_in_top
com.silvia.controlbox.R$anim: int abc_slide_out_bottom
com.silvia.controlbox.R$anim: int abc_slide_out_top
com.silvia.controlbox.R$anim: int abc_tooltip_enter
com.silvia.controlbox.R$anim: int abc_tooltip_exit
com.silvia.controlbox.R$anim: int decelerate_factor_interpolator
com.silvia.controlbox.R$anim: int decelerate_low_factor_interpolator
com.silvia.controlbox.R$anim: int grow_from_bottom
com.silvia.controlbox.R$anim: int grow_from_bottomleft_to_topright
com.silvia.controlbox.R$anim: int grow_from_bottomright_to_topleft
com.silvia.controlbox.R$anim: int grow_from_top
com.silvia.controlbox.R$anim: int grow_from_topleft_to_bottomright
com.silvia.controlbox.R$anim: int grow_from_topright_to_bottomleft
com.silvia.controlbox.R$anim: int scale_enter
com.silvia.controlbox.R$anim: int scale_exit
com.silvia.controlbox.R$anim: int shrink_from_bottom
com.silvia.controlbox.R$anim: int shrink_from_bottomleft_to_topright
com.silvia.controlbox.R$anim: int shrink_from_bottomright_to_topleft
com.silvia.controlbox.R$anim: int shrink_from_top
com.silvia.controlbox.R$attr: int QMUIButtonStyle
com.silvia.controlbox.R$attr: int QMUICommonListItemViewStyle
com.silvia.controlbox.R$attr: int QMUIGroupListSectionViewStyle
com.silvia.controlbox.R$attr: int QMUIGroupListViewStyle
com.silvia.controlbox.R$attr: int QMUILoadingStyle
com.silvia.controlbox.R$attr: int QMUIPullRefreshLayoutStyle
com.silvia.controlbox.R$attr: int QMUIQQFaceStyle
com.silvia.controlbox.R$attr: int QMUIRadiusImageViewStyle
com.silvia.controlbox.R$attr: int QMUITabSegmentStyle
com.silvia.controlbox.R$attr: int QMUITipNewStyle
com.silvia.controlbox.R$attr: int QMUITipPointStyle
com.silvia.controlbox.R$attr: int QMUITopBarStyle
com.silvia.controlbox.R$attr: int SwipeBackLayoutStyle
com.silvia.controlbox.R$attr: int actionBarDivider
com.silvia.controlbox.R$attr: int actionBarItemBackground
com.silvia.controlbox.R$attr: int actionBarPopupTheme
com.silvia.controlbox.R$attr: int actionBarSize
com.silvia.controlbox.R$attr: int actionBarSplitStyle
com.silvia.controlbox.R$attr: int actionBarStyle
com.silvia.controlbox.R$attr: int actionBarTabBarStyle
com.silvia.controlbox.R$attr: int actionBarTabStyle
com.silvia.controlbox.R$attr: int actionBarTabTextStyle
com.silvia.controlbox.R$attr: int actionBarTheme
com.silvia.controlbox.R$attr: int actionBarWidgetTheme
com.silvia.controlbox.R$attr: int actionButtonStyle
com.silvia.controlbox.R$attr: int actionDropDownStyle
com.silvia.controlbox.R$attr: int actionLayout
com.silvia.controlbox.R$bool: int abc_action_bar_embed_tabs
com.silvia.controlbox.R$bool: int abc_allow_stacked_button_bar
com.silvia.controlbox.R$bool: int abc_config_actionMenuItemAllCaps
...
android.support.v7.view.menu.MenuItemWrapperICS
android.support.v7.view.menu.MenuItemWrapperICS: java.lang.String LOG_TAG
android.support.v7.view.menu.MenuItemWrapperICS: java.lang.reflect.Method mSetExclusiveCheckableMethod
android.support.v7.view.menu.MenuItemWrapperICS: MenuItemWrapperICS(android.content.Context,android.support.v4.internal.view.SupportMenuItem)
android.support.v7.view.menu.MenuItemWrapperICS: int getItemId()
android.support.v7.view.menu.MenuItemWrapperICS: int getGroupId()
android.support.v7.view.menu.MenuItemWrapperICS: int getOrder()
android.support.v7.view.menu.MenuItemWrapperICS: android.view.MenuItem setTitle(java.lang.CharSequence)
android.support.v7.view.menu.MenuItemWrapperICS: android.view.MenuItem setTitle(int)
android.support.v7.view.menu.MenuItemWrapperICS: java.lang.CharSequence getTitle()
android.support.v7.view.menu.MenuItemWrapperICS: android.view.MenuItem setTitleCondensed(java.lang.CharSequence)
android.support.v7.view.menu.MenuItemWrapperICS: java.lang.CharSequence getTitleCondensed()
android.support.v7.view.menu.MenuItemWrapperICS: android.view.MenuItem setIcon(android.graphics.drawable.Drawable)
android.support.v7.view.menu.MenuItemWrapperICS: android.view.MenuItem setIcon(int)
android.support.v7.view.menu.MenuItemWrapperICS: android.graphics.drawable.Drawable getIcon()
android.support.v7.view.menu.MenuItemWrapperICS: android.view.MenuItem setIntent(android.content.Intent)
android.support.v7.view.menu.MenuItemWrapperICS$ActionProviderWrapper
android.support.v7.view.menu.MenuItemWrapperICS$ActionProviderWrapper: android.view.ActionProvider mInner
android.support.v7.view.menu.MenuItemWrapperICS$ActionProviderWrapper: android.support.v7.view.menu.MenuItemWrapperICS this$0
android.support.v7.view.menu.MenuItemWrapperICS$ActionProviderWrapper: MenuItemWrapperICS$ActionProviderWrapper(android.support.v7.view.menu.MenuItemWrapperICS,android.content.Context,android.view.ActionProvider)
android.support.v7.view.menu.MenuItemWrapperICS$ActionProviderWrapper: android.view.View onCreateActionView()
android.support.v7.view.menu.MenuItemWrapperICS$ActionProviderWrapper: boolean onPerformDefaultAction()
android.support.v7.view.menu.MenuItemWrapperICS$ActionProviderWrapper: boolean hasSubMenu()
android.support.v7.view.menu.MenuItemWrapperICS$ActionProviderWrapper: void onPrepareSubMenu(android.view.SubMenu)
android.support.v7.view.menu.MenuItemWrapperICS$CollapsibleActionViewWrapper
android.support.v7.view.menu.MenuItemWrapperICS$CollapsibleActionViewWrapper: android.view.CollapsibleActionView mWrappedView
android.support.v7.view.menu.MenuItemWrapperICS$CollapsibleActionViewWrapper: MenuItemWrapperICS$CollapsibleActionViewWrapper(android.view.View)
android.support.v7.view.menu.MenuItemWrapperICS$CollapsibleActionViewWrapper: void onActionViewExpanded()
android.support.v7.view.menu.MenuItemWrapperICS$CollapsibleActionViewWrapper: void onActionViewCollapsed()
android.support.v7.view.menu.MenuItemWrapperICS$CollapsibleActionViewWrapper: android.view.View getWrappedView()
android.support.v7.view.menu.MenuItemWrapperICS$OnActionExpandListenerWrapper
android.support.v7.view.menu.MenuItemWrapperICS$OnActionExpandListenerWrapper: android.support.v7.view.menu.MenuItemWrapperICS this$0
android.support.v7.view.menu.MenuItemWrapperICS$OnActionExpandListenerWrapper: MenuItemWrapperICS$OnActionExpandListenerWrapper(android.support.v7.view.menu.MenuItemWrapperICS,android.view.MenuItem$OnActionExpandListener)
android.support.v7.view.menu.MenuItemWrapperICS$OnActionExpandListenerWrapper: boolean onMenuItemActionExpand(android.view.MenuItem)
android.support.v7.view.menu.MenuItemWrapperICS$OnActionExpandListenerWrapper: boolean onMenuItemActionCollapse(android.view.MenuItem)