app/build/outputs/mapping/release/usage.txt
com.silvia.controlbox.BuildConfig
com.silvia.controlbox.MainActivity:
    private static final java.lang.String ACTION_USB_PERMISSION
    private static final int REQUEST_EXTERNAL_STORAGE
    724:734:public static void testMenciErrorDialog()
    797:808:public static void testMenci2SuccessDialog(java.lang.String)
    814:832:public static void testMenci2Dialog(java.lang.String)
    867:918:public void Printerstatus()
    1221:1222:public static void testADC()
    1228:1229:public static void testMenci()
    1239:1240:public static void testJavaCrash()
com.silvia.controlbox.MainActivity$12
com.silvia.controlbox.MainActivity$13
com.silvia.controlbox.MainActivity$14
com.silvia.controlbox.MainActivity$7
com.silvia.controlbox.R
com.silvia.controlbox.R$anim
com.silvia.controlbox.R$attr
com.silvia.controlbox.R$bool
com.silvia.controlbox.R$color
com.silvia.controlbox.R$dimen
com.silvia.controlbox.R$drawable
com.silvia.controlbox.R$id
com.silvia.controlbox.R$integer
com.silvia.controlbox.R$layout
com.silvia.controlbox.R$mipmap
com.silvia.controlbox.R$string
com.silvia.controlbox.R$style
com.silvia.controlbox.R$styleable
com.silvia.controlbox.R$xml
com.silvia.controlbox.activity.BaseActivity
com.silvia.controlbox.fragment.PcbaTestFragment:
    private com.qmuiteam.qmui.widget.QMUIFloatLayout mFloatLayout
com.silvia.controlbox.ui.BottomBar:
    79:80:public com.silvia.controlbox.ui.BottomBar setTitleSize(int)
    84:85:public com.silvia.controlbox.ui.BottomBar setIconWidth(int)
    89:90:public com.silvia.controlbox.ui.BottomBar setTitleIconMargin(int)
    94:95:public com.silvia.controlbox.ui.BottomBar setIconHeight(int)
    99:103:public com.silvia.controlbox.ui.BottomBar addItem(java.lang.Class,java.lang.String,int,int)
    119:120:public com.silvia.controlbox.ui.BottomBar setFirstChecked(int)
    125:151:public void build()
    183:184:private android.graphics.Bitmap getBitmap(int)
com.silvia.controlbox.utils.AppUtils:
    21:21:private AppUtils()
    30:41:public static void setWindowStatusBarColor(android.app.Activity,int)
    50:61:public static void setWindowStatusBarColor(android.app.Dialog,int)
    96:103:public static int getVersionCode(android.content.Context)
    112:120:public static java.util.List getInstalledPackages(android.content.Context)
    130:137:public static android.graphics.drawable.Drawable getApplicationIcon(android.content.Context)
    146:150:public static void installApk(android.app.Activity,java.lang.String)
com.silvia.controlbox.utils.BitmapUtil:
    private static final float SMALL_TEXT
    private static final float LARGE_TEXT
    private static final int START_LEFT
    public static final int IS_LARGE
    public static final int IS_SMALL
    public static final int IS_RIGHT
    public static final int IS_LEFT
    public static final int IS_CENTER
    40:40:public BitmapUtil()
    161:175:public static android.graphics.Bitmap BitmapMerge(android.graphics.Bitmap,android.graphics.Bitmap)
    184:259:public static void saveBmp(android.graphics.Bitmap)
    269:285:public static android.graphics.Bitmap compressImage(android.graphics.Bitmap)
    354:358:public static void writeWord(java.io.FileOutputStream,int)
    361:367:public static void writeDword(java.io.FileOutputStream,long)
    370:376:public static void writeLong(java.io.FileOutputStream,long)
    383:396:public static android.graphics.Bitmap addBitmapInFoot(android.graphics.Bitmap,android.graphics.Bitmap)
    420:431:public static android.graphics.Bitmap bitmap2Gray(android.graphics.Bitmap)
    435:470:public static byte[] getPixels(android.graphics.Bitmap)
    474:496:public static android.graphics.Bitmap gray(android.graphics.Bitmap,int)
    507:520:private void getPicturePixel(android.graphics.Bitmap)
    529:531:public static byte[] getBytesByBitmap(android.graphics.Bitmap)
...
com.google.zxing.datamatrix.DataMatrixWriter
com.google.zxing.datamatrix.decoder.BitMatrixParser
com.google.zxing.datamatrix.decoder.DataBlock
com.google.zxing.datamatrix.decoder.DecodedBitStreamParser
com.google.zxing.datamatrix.decoder.DecodedBitStreamParser$1
com.google.zxing.datamatrix.decoder.DecodedBitStreamParser$Mode
com.google.zxing.datamatrix.decoder.Decoder
com.google.zxing.datamatrix.decoder.Version
com.google.zxing.datamatrix.decoder.Version$1
com.google.zxing.datamatrix.decoder.Version$ECB
com.google.zxing.datamatrix.decoder.Version$ECBlocks
com.google.zxing.datamatrix.detector.Detector
com.google.zxing.datamatrix.detector.Detector$1
com.google.zxing.datamatrix.detector.Detector$ResultPointsAndTransitions
com.google.zxing.datamatrix.detector.Detector$ResultPointsAndTransitionsComparator
com.google.zxing.datamatrix.encoder.ASCIIEncoder
com.google.zxing.datamatrix.encoder.Base256Encoder
com.google.zxing.datamatrix.encoder.C40Encoder
com.google.zxing.datamatrix.encoder.DataMatrixSymbolInfo144
com.google.zxing.datamatrix.encoder.DefaultPlacement
com.google.zxing.datamatrix.encoder.EdifactEncoder
com.google.zxing.datamatrix.encoder.Encoder
com.google.zxing.datamatrix.encoder.EncoderContext
com.google.zxing.datamatrix.encoder.ErrorCorrection
com.google.zxing.datamatrix.encoder.HighLevelEncoder
com.google.zxing.datamatrix.encoder.SymbolInfo
com.google.zxing.datamatrix.encoder.SymbolShapeHint
com.google.zxing.datamatrix.encoder.TextEncoder
com.google.zxing.datamatrix.encoder.X12Encoder
com.google.zxing.maxicode.MaxiCodeReader
com.google.zxing.maxicode.decoder.BitMatrixParser
com.google.zxing.maxicode.decoder.DecodedBitStreamParser
com.google.zxing.maxicode.decoder.Decoder
com.google.zxing.multi.ByQuadrantReader
com.google.zxing.multi.GenericMultipleBarcodeReader
com.google.zxing.multi.MultipleBarcodeReader
com.google.zxing.multi.qrcode.QRCodeMultiReader
com.google.zxing.multi.qrcode.QRCodeMultiReader$1
com.google.zxing.multi.qrcode.QRCodeMultiReader$SAComparator
com.google.zxing.multi.qrcode.detector.MultiDetector
com.google.zxing.multi.qrcode.detector.MultiFinderPatternFinder
com.google.zxing.multi.qrcode.detector.MultiFinderPatternFinder$1
com.google.zxing.multi.qrcode.detector.MultiFinderPatternFinder$ModuleSizeComparator
com.google.zxing.oned.CodaBarReader
com.google.zxing.oned.CodaBarWriter
com.google.zxing.oned.Code128Reader
com.google.zxing.oned.Code128Writer
com.google.zxing.oned.Code128Writer$CType
com.google.zxing.oned.Code39Reader
com.google.zxing.oned.Code39Writer
com.google.zxing.oned.Code93Reader
com.google.zxing.oned.Code93Writer
com.google.zxing.oned.EAN13Reader
com.google.zxing.oned.EAN13Writer
com.google.zxing.oned.EAN8Reader
com.google.zxing.oned.EAN8Writer
com.google.zxing.oned.EANManufacturerOrgSupport
com.google.zxing.oned.ITFReader
com.google.zxing.oned.ITFWriter
com.google.zxing.oned.MultiFormatOneDReader
com.google.zxing.oned.MultiFormatUPCEANReader
com.google.zxing.oned.OneDReader
com.google.zxing.oned.OneDimensionalCodeWriter
com.google.zxing.oned.UPCAReader
com.google.zxing.oned.UPCAWriter
com.google.zxing.oned.UPCEANExtension2Support
com.google.zxing.oned.UPCEANExtension5Support
com.google.zxing.oned.UPCEANExtensionSupport
com.google.zxing.oned.UPCEANReader
com.google.zxing.oned.UPCEANWriter
com.google.zxing.oned.UPCEReader
com.google.zxing.oned.UPCEWriter
com.google.zxing.oned.rss.AbstractRSSReader
com.google.zxing.oned.rss.DataCharacter
com.google.zxing.oned.rss.FinderPattern
com.google.zxing.oned.rss.Pair
com.google.zxing.oned.rss.RSS14Reader
com.google.zxing.oned.rss.RSSUtils
com.google.zxing.oned.rss.expanded.BitArrayBuilder
com.google.zxing.oned.rss.expanded.ExpandedPair
com.google.zxing.oned.rss.expanded.ExpandedRow
com.google.zxing.oned.rss.expanded.RSSExpandedReader
com.google.zxing.oned.rss.expanded.decoders.AI013103decoder
com.google.zxing.oned.rss.expanded.decoders.AI01320xDecoder
com.google.zxing.oned.rss.expanded.decoders.AI01392xDecoder